<?xml version="1.0" encoding="UTF-8"?>
<!-- Generated by org.testng.reporters.JUnitXMLReporter -->
<testsuite hostname="DESKTOP-RUAD0RO" ignored="0" name="Test" tests="3" failures="3" timestamp="16 Dec 2020 16:38:09 GMT" time="63.379" errors="0">
  <testcase name="dataDrivenTest" time="14.239" classname="com.xyz.OrangeHrmApplication.testCases.DataDrivenTesting">
    <failure type="java.lang.AssertionError" message="expected [Invalid credentials] but found [Identifiants Non Valides]">
      <![CDATA[java.lang.AssertionError: expected [Invalid credentials] but found [Identifiants Non Valides]
at com.xyz.OrangeHrmApplication.testCases.DataDrivenTesting.dataDrivenTest(DataDrivenTesting.java:23)
... Removed 35 stack frames]]>
    </failure>
  </testcase> <!-- dataDrivenTest -->
  <testcase name="dataDrivenTest" time="36.116" classname="com.xyz.OrangeHrmApplication.testCases.DataDrivenTesting">
    <failure type="org.openqa.selenium.WebDriverException" message="chrome not reachable
  (Session info: chrome=87.0.4280.88)
Build info: version: &amp;apos;3.141.59&amp;apos;, revision: &amp;apos;e82be7d358&amp;apos;, time: &amp;apos;2018-11-14T08:17:03&amp;apos;
System info: host: &amp;apos;DESKTOP-RUAD0RO&amp;apos;, ip: &amp;apos;192.168.1.3&amp;apos;, os.name: &amp;apos;Windows 10&amp;apos;, os.arch: &amp;apos;amd64&amp;apos;, os.version: &amp;apos;10.0&amp;apos;, java.version: &amp;apos;1.8.0_201&amp;apos;
Driver info: org.openqa.selenium.chrome.ChromeDriver
Capabilities {acceptInsecureCerts: false, browserName: chrome, browserVersion: 87.0.4280.88, chrome: {chromedriverVersion: 86.0.4240.22 (398b0743353ff..., userDataDir: C:\Users\PRANIT~1\AppData\L...}, goog:chromeOptions: {debuggerAddress: localhost:51315}, javascriptEnabled: true, networkConnectionEnabled: false, pageLoadStrategy: normal, platform: WINDOWS, platformName: WINDOWS, proxy: Proxy(), setWindowRect: true, strictFileInteractability: false, timeouts: {implicit: 0, pageLoad: 300000, script: 30000}, unhandledPromptBehavior: dismiss and notify, webauthn:virtualAuthenticators: true}
Session ID: e22ca1892773601adc27903216990c10">
      <![CDATA[org.openqa.selenium.WebDriverException: chrome not reachable
  (Session info: chrome=87.0.4280.88)
Build info: version: '3.141.59', revision: 'e82be7d358', time: '2018-11-14T08:17:03'
System info: host: 'DESKTOP-RUAD0RO', ip: '192.168.1.3', os.name: 'Windows 10', os.arch: 'amd64', os.version: '10.0', java.version: '1.8.0_201'
Driver info: org.openqa.selenium.chrome.ChromeDriver
Capabilities {acceptInsecureCerts: false, browserName: chrome, browserVersion: 87.0.4280.88, chrome: {chromedriverVersion: 86.0.4240.22 (398b0743353ff..., userDataDir: C:\Users\PRANIT~1\AppData\L...}, goog:chromeOptions: {debuggerAddress: localhost:51315}, javascriptEnabled: true, networkConnectionEnabled: false, pageLoadStrategy: normal, platform: WINDOWS, platformName: WINDOWS, proxy: Proxy(), setWindowRect: true, strictFileInteractability: false, timeouts: {implicit: 0, pageLoad: 300000, script: 30000}, unhandledPromptBehavior: dismiss and notify, webauthn:virtualAuthenticators: true}
Session ID: e22ca1892773601adc27903216990c10
at org.openqa.selenium.remote.http.W3CHttpResponseCodec.createException(W3CHttpResponseCodec.java:187)
at org.openqa.selenium.remote.http.W3CHttpResponseCodec.decode(W3CHttpResponseCodec.java:122)
at org.openqa.selenium.remote.http.W3CHttpResponseCodec.decode(W3CHttpResponseCodec.java:49)
at org.openqa.selenium.remote.HttpCommandExecutor.execute(HttpCommandExecutor.java:158)
at org.openqa.selenium.remote.service.DriverCommandExecutor.execute(DriverCommandExecutor.java:83)
at org.openqa.selenium.remote.RemoteWebDriver.execute(RemoteWebDriver.java:552)
at org.openqa.selenium.remote.RemoteWebDriver.get(RemoteWebDriver.java:277)
at com.xyz.OrangeHrmApplication.BaseClass.BaseClass.setUp(BaseClass.java:43)
at com.xyz.OrangeHrmApplication.testCases.DataDrivenTesting.dataDrivenTest(DataDrivenTesting.java:16)
... Removed 33 stack frames]]>
    </failure>
  </testcase> <!-- dataDrivenTest -->
  <testcase name="dataDrivenTest" time="11.31" classname="com.xyz.OrangeHrmApplication.testCases.DataDrivenTesting">
    <failure type="java.lang.AssertionError" message="expected [Invalid credentials] but found [Identifiants Non Valides]">
      <![CDATA[java.lang.AssertionError: expected [Invalid credentials] but found [Identifiants Non Valides]
at com.xyz.OrangeHrmApplication.testCases.DataDrivenTesting.dataDrivenTest(DataDrivenTesting.java:23)
... Removed 35 stack frames]]>
    </failure>
  </testcase> <!-- dataDrivenTest -->
</testsuite> <!-- Test -->
